<?xml version="1.0" encoding="utf-8"?><testsuites><testsuite name="pytest" errors="0" failures="0" skipped="0" tests="40" time="168.149" timestamp="2022-10-11T05:53:04.639184" hostname="fv-az451-747"><testcase classname="test.test_calculator" name="test_pyscf" time="10.418" /><testcase classname="test.test_chains_func" name="test_lp_1" time="0.178" /><testcase classname="test.test_chains_func" name="test_lp_2" time="0.816" /><testcase classname="test.test_chains_func" name="test_mol_conformer" time="6.062" /><testcase classname="test.test_chains_func" name="test_torsional_list" time="0.007" /><testcase classname="test.test_chains_func" name="test_torsional_images" time="0.179" /><testcase classname="test.test_folders_func" name="test_seek_folders" time="0.002" /><testcase classname="test.test_folders_func" name="test_organise_files" time="0.135" /><testcase classname="test.test_folders_func" name="test_create_empty_dir" time="0.002" /><testcase classname="test.test_format_print" name="test_format_1" time="0.018" /><testcase classname="test.test_format_print" name="test_format_2" time="0.017" /><testcase classname="test.test_format_print" name="test_format_3" time="0.015" /><testcase classname="test.test_format_print" name="test_sm_2" time="0.015" /><testcase classname="test.test_format_print" name="test_sm_3" time="0.019" /><testcase classname="test.test_format_print" name="test_sm_4" time="0.047" /><testcase classname="test.test_htp_gfn" name="test_htp_gfn_creation" time="48.009" /><testcase classname="test.test_single_monomers" name="test_single_monomer[c1cc(sc1CBr)Br-1]" time="0.635" /><testcase classname="test.test_single_monomers" name="test_single_monomer[BrOCCBr-1]" time="0.191" /><testcase classname="test.test_single_monomers" name="test_single_monomer[[C@@H](CBr)(Br)C(=O)N-1]" time="0.611" /><testcase classname="test.test_single_monomers" name="test_single_monomer[C([C@@H](CN)Br)Br-1]" time="0.912" /><testcase classname="test.test_single_monomers" name="test_single_monomer[[C@@H](C(=O)OBr)(C)Br-1]" time="0.379" /><testcase classname="test.test_single_monomers" name="test_single_monomer_2[[C@@H](C(=O)OBr)(C)Br-1]" time="0.354" /><testcase classname="test.test_single_monomers" name="test_single_monomer_2[[C@@H](CBr)(Br)C(=O)OC-1]" time="0.671" /><testcase classname="test.test_single_monomers" name="test_single_monomer_2[[C@](CBr)(Br)(C(=O)OC)C-1]" time="1.336" /><testcase classname="test.test_single_monomers" name="test_single_monomer_2[c1c([C@@H](CBr)Br)cccc1-1]" time="1.650" /><testcase classname="test.test_single_monomers" name="test_problematic_1" time="0.469" /><testcase classname="test.test_single_monomers" name="test_problematic_2" time="0.810" /><testcase classname="test.test_sm_func" name="test_sm_1" time="0.016" /><testcase classname="test.test_sm_func" name="test_sm_2" time="0.013" /><testcase classname="test.test_sm_func" name="test_sm_3" time="0.016" /><testcase classname="test.test_sm_func" name="test_sm_4" time="0.050" /><testcase classname="test.test_sm_func" name="test_sm_5" time="0.046" /><testcase classname="test.test_topologies" name="test_diblock" time="0.378" /><testcase classname="test.test_topologies" name="test_pattern" time="0.207" /><testcase classname="test.test_topologies" name="test_ring[C[Si](OBr)(C)Br-1]" time="0.214" /><testcase classname="test.test_topologies" name="test_ring[c1cc(ccc1Br)Br-1]" time="83.489" /><testcase classname="test.test_topologies" name="test_ring[c1(ccc(o1)Br)Br-1]" time="0.363" /><testcase classname="test.test_topologies" name="test_branched_1" time="0.180" /><testcase classname="test.test_topologies" name="test_branched_2" time="0.058" /><testcase classname="test.test_topologies" name="test_ran_pol" time="8.437" /></testsuite></testsuites>