<?xml version="1.0" encoding="utf-8"?><testsuites><testsuite name="pytest" errors="0" failures="0" skipped="0" tests="32" time="64.833" timestamp="2022-08-15T13:22:34.111014" hostname="fv-az165-978"><testcase classname="test.test_calculator" name="test_pyscf" time="25.971" /><testcase classname="test.test_chains_func" name="test_lp_1" time="0.039" /><testcase classname="test.test_chains_func" name="test_lp_2" time="0.180" /><testcase classname="test.test_chains_func" name="test_mol_conformer" time="5.203" /><testcase classname="test.test_chains_func" name="test_torsional_list" time="0.006" /><testcase classname="test.test_chains_func" name="test_torsional_images" time="0.156" /><testcase classname="test.test_folders_func" name="test_seek_folders" time="0.001" /><testcase classname="test.test_folders_func" name="test_organise_files" time="0.103" /><testcase classname="test.test_folders_func" name="test_create_empty_dir" time="0.001" /><testcase classname="test.test_format_print" name="test_format_1" time="0.016" /><testcase classname="test.test_format_print" name="test_format_2" time="0.013" /><testcase classname="test.test_format_print" name="test_format_3" time="0.012" /><testcase classname="test.test_format_print" name="test_sm_2" time="0.009" /><testcase classname="test.test_format_print" name="test_sm_3" time="0.014" /><testcase classname="test.test_format_print" name="test_sm_4" time="0.037" /><testcase classname="test.test_htp_gfn" name="test_htp_gfn_creation" time="31.689" /><testcase classname="test.test_single_monomers" name="test_single_monomer[c1cc(sc1CBr)Br-1]" time="0.075" /><testcase classname="test.test_single_monomers" name="test_single_monomer[BrOCCBr-1]" time="0.025" /><testcase classname="test.test_single_monomers" name="test_single_monomer[[C@@H](CBr)(Br)C(=O)N-1]" time="0.052" /><testcase classname="test.test_single_monomers" name="test_single_monomer[C([C@@H](CN)Br)Br-1]" time="0.037" /><testcase classname="test.test_single_monomers" name="test_single_monomer[[C@@H](C(=O)OBr)(C)Br-1]" time="0.051" /><testcase classname="test.test_single_monomers" name="test_single_monomer_2[[C@@H](C(=O)OBr)(C)Br-1]" time="0.051" /><testcase classname="test.test_single_monomers" name="test_single_monomer_2[[C@@H](CBr)(Br)C(=O)OC-1]" time="0.073" /><testcase classname="test.test_single_monomers" name="test_single_monomer_2[[C@](CBr)(Br)(C(=O)OC)C-1]" time="0.095" /><testcase classname="test.test_single_monomers" name="test_single_monomer_2[c1c([C@@H](CBr)Br)cccc1-1]" time="0.114" /><testcase classname="test.test_single_monomers" name="test_problematic_1" time="0.034" /><testcase classname="test.test_single_monomers" name="test_problematic_2" time="0.060" /><testcase classname="test.test_sm_func" name="test_sm_1" time="0.015" /><testcase classname="test.test_sm_func" name="test_sm_2" time="0.011" /><testcase classname="test.test_sm_func" name="test_sm_3" time="0.017" /><testcase classname="test.test_sm_func" name="test_sm_4" time="0.039" /><testcase classname="test.test_sm_func" name="test_sm_5" time="0.038" /></testsuite></testsuites>